<?xml version="1.0" encoding="UTF-8"?>
<coverage generated="1637992982911" clover="3.2.0">
  <project timestamp="1637992982911" name="All files">
    <metrics statements="36" coveredstatements="36" conditionals="12" coveredconditionals="12" methods="5" coveredmethods="5" elements="53" coveredelements="53" complexity="0" loc="36" ncloc="36" packages="1" files="1" classes="1"/>
    <file name="SlotMachineGameManager.ts" path="/Users/yuusuke/workspace/slot-machine-app/src/components/slot-machine/utils/SlotMachineGameManager.ts">
      <metrics statements="36" coveredstatements="36" conditionals="12" coveredconditionals="12" methods="5" coveredmethods="5"/>
      <line num="1" count="1" type="stmt"/>
      <line num="2" count="1" type="cond" truecount="1" falsecount="0"/>
      <line num="3" count="10" type="stmt"/>
      <line num="4" count="1" type="stmt"/>
      <line num="5" count="1" type="cond" truecount="1" falsecount="0"/>
      <line num="6" count="10" type="stmt"/>
      <line num="7" count="10" type="stmt"/>
      <line num="8" count="10" type="stmt"/>
      <line num="9" count="10" type="stmt"/>
      <line num="10" count="1" type="stmt"/>
      <line num="11" count="1" type="stmt"/>
      <line num="12" count="1" type="stmt"/>
      <line num="13" count="1" type="cond" truecount="1" falsecount="0"/>
      <line num="14" count="2" type="stmt"/>
      <line num="15" count="2" type="stmt"/>
      <line num="16" count="2" type="stmt"/>
      <line num="17" count="2" type="stmt"/>
      <line num="18" count="1" type="stmt"/>
      <line num="19" count="1" type="stmt"/>
      <line num="20" count="1" type="stmt"/>
      <line num="21" count="1" type="stmt"/>
      <line num="22" count="1" type="cond" truecount="1" falsecount="0"/>
      <line num="23" count="34" type="cond" truecount="2" falsecount="0"/>
      <line num="24" count="30" type="cond" truecount="1" falsecount="0"/>
      <line num="25" count="34" type="cond" truecount="1" falsecount="0"/>
      <line num="26" count="34" type="cond" truecount="2" falsecount="0"/>
      <line num="27" count="30" type="cond" truecount="1" falsecount="0"/>
      <line num="28" count="30" type="stmt"/>
      <line num="29" count="1" type="stmt"/>
      <line num="30" count="1" type="stmt"/>
      <line num="31" count="1" type="stmt"/>
      <line num="32" count="1" type="stmt"/>
      <line num="33" count="1" type="cond" truecount="1" falsecount="0"/>
      <line num="34" count="8" type="stmt"/>
      <line num="35" count="8" type="stmt"/>
      <line num="36" count="1" type="stmt"/>
    </file>
  </project>
</coverage>
