<?xml version="1.0" encoding="UTF-8"?>
<coverage generated="1637998458311" clover="3.2.0">
  <project timestamp="1637998458312" name="All files">
    <metrics statements="14" coveredstatements="14" conditionals="7" coveredconditionals="7" methods="1" coveredmethods="1" elements="22" coveredelements="22" complexity="0" loc="14" ncloc="14" packages="1" files="1" classes="1"/>
    <file name="GenerateRandIndexes.ts" path="/Users/yuusuke/workspace/slot-machine-app/src/components/slot-machine/utils/GenerateRandIndexes.ts">
      <metrics statements="14" coveredstatements="14" conditionals="7" coveredconditionals="7" methods="1" coveredmethods="1"/>
      <line num="1" count="1" type="stmt"/>
      <line num="2" count="1" type="stmt"/>
      <line num="3" count="1" type="stmt"/>
      <line num="4" count="1" type="stmt"/>
      <line num="5" count="1" type="stmt"/>
      <line num="6" count="15" type="cond" truecount="1" falsecount="0"/>
      <line num="7" count="15" type="cond" truecount="3" falsecount="0"/>
      <line num="8" count="10" type="cond" truecount="1" falsecount="0"/>
      <line num="9" count="10" type="stmt"/>
      <line num="10" count="15" type="cond" truecount="1" falsecount="0"/>
      <line num="11" count="110" type="stmt"/>
      <line num="12" count="110" type="stmt"/>
      <line num="13" count="10" type="cond" truecount="1" falsecount="0"/>
      <line num="14" count="10" type="stmt"/>
    </file>
  </project>
</coverage>
