{"/Users/yuusuke/workspace/slot-machine-app/src/components/slot-machine/utils/SlotMachineGameManager.ts": {"path":"/Users/yuusuke/workspace/slot-machine-app/src/components/slot-machine/utils/SlotMachineGameManager.ts","all":false,"statementMap":{"0":{"start":{"line":1,"column":0},"end":{"line":1,"column":26}},"1":{"start":{"line":2,"column":0},"end":{"line":2,"column":32}},"2":{"start":{"line":3,"column":0},"end":{"line":3,"column":28}},"3":{"start":{"line":4,"column":0},"end":{"line":4,"column":25}},"4":{"start":{"line":5,"column":0},"end":{"line":5,"column":19}},"5":{"start":{"line":6,"column":0},"end":{"line":6,"column":29}},"6":{"start":{"line":7,"column":0},"end":{"line":7,"column":27}},"7":{"start":{"line":8,"column":0},"end":{"line":8,"column":22}},"8":{"start":{"line":9,"column":0},"end":{"line":9,"column":5}},"9":{"start":{"line":10,"column":0},"end":{"line":10,"column":7}},"10":{"start":{"line":11,"column":0},"end":{"line":11,"column":19}},"11":{"start":{"line":12,"column":0},"end":{"line":12,"column":7}},"12":{"start":{"line":13,"column":0},"end":{"line":13,"column":30}},"13":{"start":{"line":14,"column":0},"end":{"line":14,"column":29}},"14":{"start":{"line":15,"column":0},"end":{"line":15,"column":27}},"15":{"start":{"line":16,"column":0},"end":{"line":16,"column":22}},"16":{"start":{"line":17,"column":0},"end":{"line":17,"column":5}},"17":{"start":{"line":18,"column":0},"end":{"line":18,"column":7}},"18":{"start":{"line":19,"column":0},"end":{"line":19,"column":47}},"19":{"start":{"line":20,"column":0},"end":{"line":20,"column":23}},"20":{"start":{"line":21,"column":0},"end":{"line":21,"column":7}},"21":{"start":{"line":22,"column":0},"end":{"line":22,"column":60}},"22":{"start":{"line":23,"column":0},"end":{"line":23,"column":117}},"23":{"start":{"line":24,"column":0},"end":{"line":24,"column":0}},"24":{"start":{"line":25,"column":0},"end":{"line":25,"column":58}},"25":{"start":{"line":26,"column":0},"end":{"line":26,"column":64}},"26":{"start":{"line":27,"column":0},"end":{"line":27,"column":20}},"27":{"start":{"line":28,"column":0},"end":{"line":28,"column":5}},"28":{"start":{"line":29,"column":0},"end":{"line":29,"column":7}},"29":{"start":{"line":30,"column":0},"end":{"line":30,"column":33}},"30":{"start":{"line":31,"column":0},"end":{"line":31,"column":23}},"31":{"start":{"line":32,"column":0},"end":{"line":32,"column":7}},"32":{"start":{"line":33,"column":0},"end":{"line":33,"column":35}},"33":{"start":{"line":34,"column":0},"end":{"line":34,"column":27}},"34":{"start":{"line":35,"column":0},"end":{"line":35,"column":5}},"35":{"start":{"line":36,"column":0},"end":{"line":36,"column":1}}},"s":{"0":1,"1":1,"2":10,"3":1,"4":1,"5":10,"6":10,"7":10,"8":10,"9":1,"10":1,"11":1,"12":1,"13":2,"14":2,"15":2,"16":2,"17":1,"18":1,"19":1,"20":1,"21":1,"22":34,"23":30,"24":34,"25":34,"26":30,"27":30,"28":1,"29":1,"30":1,"31":1,"32":1,"33":8,"34":8,"35":1},"branchMap":{"0":{"type":"branch","line":2,"loc":{"start":{"line":2,"column":12},"end":{"line":4,"column":17}},"locations":[{"start":{"line":2,"column":12},"end":{"line":4,"column":17}}]},"1":{"type":"branch","line":5,"loc":{"start":{"line":5,"column":4},"end":{"line":9,"column":5}},"locations":[{"start":{"line":5,"column":4},"end":{"line":9,"column":5}}]},"2":{"type":"branch","line":13,"loc":{"start":{"line":13,"column":11},"end":{"line":17,"column":5}},"locations":[{"start":{"line":13,"column":11},"end":{"line":17,"column":5}}]},"3":{"type":"branch","line":22,"loc":{"start":{"line":22,"column":11},"end":{"line":28,"column":5}},"locations":[{"start":{"line":22,"column":11},"end":{"line":28,"column":5}}]},"4":{"type":"branch","line":23,"loc":{"start":{"line":23,"column":38},"end":{"line":23,"column":68}},"locations":[{"start":{"line":23,"column":38},"end":{"line":23,"column":68}}]},"5":{"type":"branch","line":23,"loc":{"start":{"line":23,"column":70},"end":{"line":23,"column":117}},"locations":[{"start":{"line":23,"column":70},"end":{"line":23,"column":117}}]},"6":{"type":"branch","line":24,"loc":{"start":{"line":24,"column":-1},"end":{"line":25,"column":34}},"locations":[{"start":{"line":24,"column":-1},"end":{"line":25,"column":34}}]},"7":{"type":"branch","line":25,"loc":{"start":{"line":25,"column":30},"end":{"line":25,"column":58}},"locations":[{"start":{"line":25,"column":30},"end":{"line":25,"column":58}}]},"8":{"type":"branch","line":26,"loc":{"start":{"line":26,"column":-1},"end":{"line":26,"column":48}},"locations":[{"start":{"line":26,"column":-1},"end":{"line":26,"column":48}}]},"9":{"type":"branch","line":26,"loc":{"start":{"line":26,"column":44},"end":{"line":26,"column":64}},"locations":[{"start":{"line":26,"column":44},"end":{"line":26,"column":64}}]},"10":{"type":"branch","line":27,"loc":{"start":{"line":27,"column":-1},"end":{"line":28,"column":5}},"locations":[{"start":{"line":27,"column":-1},"end":{"line":28,"column":5}}]},"11":{"type":"branch","line":33,"loc":{"start":{"line":33,"column":11},"end":{"line":35,"column":5}},"locations":[{"start":{"line":33,"column":11},"end":{"line":35,"column":5}}]}},"b":{"0":[10],"1":[10],"2":[2],"3":[34],"4":[32],"5":[4],"6":[30],"7":[9],"8":[30],"9":[6],"10":[30],"11":[8]},"fnMap":{"0":{"name":"<instance_members_initializer>","decl":{"start":{"line":2,"column":12},"end":{"line":4,"column":17}},"loc":{"start":{"line":2,"column":12},"end":{"line":4,"column":17}},"line":2},"1":{"name":"GameManager","decl":{"start":{"line":5,"column":4},"end":{"line":9,"column":5}},"loc":{"start":{"line":5,"column":4},"end":{"line":9,"column":5}},"line":5},"2":{"name":"ResetGame","decl":{"start":{"line":13,"column":11},"end":{"line":17,"column":5}},"loc":{"start":{"line":13,"column":11},"end":{"line":17,"column":5}},"line":13},"3":{"name":"JudgeSlotHorizontalLine","decl":{"start":{"line":22,"column":11},"end":{"line":28,"column":5}},"loc":{"start":{"line":22,"column":11},"end":{"line":28,"column":5}},"line":22},"4":{"name":"IsGameClear","decl":{"start":{"line":33,"column":11},"end":{"line":35,"column":5}},"loc":{"start":{"line":33,"column":11},"end":{"line":35,"column":5}},"line":33}},"f":{"0":10,"1":10,"2":2,"3":34,"4":8}}
}
