{"/Users/yuusuke/workspace/slot-machine-app/src/components/slot-machine/utils/GenerateRandIndexes.ts": {"path":"/Users/yuusuke/workspace/slot-machine-app/src/components/slot-machine/utils/GenerateRandIndexes.ts","all":false,"statementMap":{"0":{"start":{"line":1,"column":0},"end":{"line":1,"column":3}},"1":{"start":{"line":2,"column":0},"end":{"line":2,"column":22}},"2":{"start":{"line":3,"column":0},"end":{"line":3,"column":22}},"3":{"start":{"line":4,"column":0},"end":{"line":4,"column":38}},"4":{"start":{"line":5,"column":0},"end":{"line":5,"column":3}},"5":{"start":{"line":6,"column":0},"end":{"line":6,"column":71}},"6":{"start":{"line":7,"column":0},"end":{"line":7,"column":138}},"7":{"start":{"line":8,"column":0},"end":{"line":8,"column":0}},"8":{"start":{"line":9,"column":0},"end":{"line":9,"column":43}},"9":{"start":{"line":10,"column":0},"end":{"line":10,"column":37}},"10":{"start":{"line":11,"column":0},"end":{"line":11,"column":55}},"11":{"start":{"line":12,"column":0},"end":{"line":12,"column":5}},"12":{"start":{"line":13,"column":0},"end":{"line":13,"column":22}},"13":{"start":{"line":14,"column":0},"end":{"line":14,"column":1}}},"s":{"0":1,"1":1,"2":1,"3":1,"4":1,"5":15,"6":15,"7":10,"8":10,"9":15,"10":110,"11":110,"12":10,"13":10},"branchMap":{"0":{"type":"branch","line":6,"loc":{"start":{"line":6,"column":0},"end":{"line":14,"column":1}},"locations":[{"start":{"line":6,"column":0},"end":{"line":14,"column":1}}]},"1":{"type":"branch","line":7,"loc":{"start":{"line":7,"column":32},"end":{"line":7,"column":60}},"locations":[{"start":{"line":7,"column":32},"end":{"line":7,"column":60}}]},"2":{"type":"branch","line":7,"loc":{"start":{"line":7,"column":60},"end":{"line":7,"column":87}},"locations":[{"start":{"line":7,"column":60},"end":{"line":7,"column":87}}]},"3":{"type":"branch","line":7,"loc":{"start":{"line":7,"column":89},"end":{"line":7,"column":138}},"locations":[{"start":{"line":7,"column":89},"end":{"line":7,"column":138}}]},"4":{"type":"branch","line":8,"loc":{"start":{"line":8,"column":-1},"end":{"line":10,"column":36}},"locations":[{"start":{"line":8,"column":-1},"end":{"line":10,"column":36}}]},"5":{"type":"branch","line":10,"loc":{"start":{"line":10,"column":36},"end":{"line":12,"column":5}},"locations":[{"start":{"line":10,"column":36},"end":{"line":12,"column":5}}]},"6":{"type":"branch","line":13,"loc":{"start":{"line":13,"column":-1},"end":{"line":14,"column":1}},"locations":[{"start":{"line":13,"column":-1},"end":{"line":14,"column":1}}]}},"b":{"0":[15],"1":[13],"2":[11],"3":[5],"4":[10],"5":[110],"6":[10]},"fnMap":{"0":{"name":"GenerateRandIndexes","decl":{"start":{"line":6,"column":0},"end":{"line":14,"column":1}},"loc":{"start":{"line":6,"column":0},"end":{"line":14,"column":1}},"line":6}},"f":{"0":15}}
}
