TN:
SF:src/components/slot-machine/utils/SlotMachineGameManager.ts
FN:2,<instance_members_initializer>
FN:5,GameManager
FN:13,ResetGame
FN:22,JudgeSlotHorizontalLine
FN:33,IsGameClear
FNF:5
FNH:5
FNDA:10,<instance_members_initializer>
FNDA:10,GameManager
FNDA:2,ResetGame
FNDA:34,JudgeSlotHorizontalLine
FNDA:8,IsGameClear
DA:1,1
DA:2,1
DA:3,10
DA:4,1
DA:5,1
DA:6,10
DA:7,10
DA:8,10
DA:9,10
DA:10,1
DA:11,1
DA:12,1
DA:13,1
DA:14,2
DA:15,2
DA:16,2
DA:17,2
DA:18,1
DA:19,1
DA:20,1
DA:21,1
DA:22,1
DA:23,34
DA:24,30
DA:25,34
DA:26,34
DA:27,30
DA:28,30
DA:29,1
DA:30,1
DA:31,1
DA:32,1
DA:33,1
DA:34,8
DA:35,8
DA:36,1
LF:36
LH:36
BRDA:2,0,0,10
BRDA:5,1,0,10
BRDA:13,2,0,2
BRDA:22,3,0,34
BRDA:23,4,0,32
BRDA:23,5,0,4
BRDA:24,6,0,30
BRDA:25,7,0,9
BRDA:26,8,0,30
BRDA:26,9,0,6
BRDA:27,10,0,30
BRDA:33,11,0,8
BRF:12
BRH:12
end_of_record
